<?xml version="1.0" encoding="UTF-8"?>
<!-- Generated by org.testng.reporters.JUnitReportReporter -->
<testsuite skipped="1" hostname="DESKTOP-BHCQ0KF" name="com.etailpet.qa.testcases.ShopItemTest" tests="2" failures="0" timestamp="28 May 2020 03:47:52 GMT" time="2.242" errors="1">
  <testcase name="SetUp" time="2.242" classname="com.etailpet.qa.testcases.ShopItemTest">
    <error type="org.openqa.selenium.SessionNotCreatedException" message="session not created: This version of ChromeDriver only supports Chrome version 81
Build info: version: &#039;3.141.59&#039;, revision: &#039;e82be7d358&#039;, time: &#039;2018-11-14T08:17:03&#039;
System info: host: &#039;DESKTOP-BHCQ0KF&#039;, ip: &#039;192.168.137.1&#039;, os.name: &#039;Windows 10&#039;, os.arch: &#039;amd64&#039;, os.version: &#039;10.0&#039;, java.version: &#039;1.8.0_191&#039;
Driver info: driver.version: ChromeDriver
remote stacktrace: Backtrace:
	Ordinal0 [0x01515E93+2449043]
	Ordinal0 [0x01448281+1606273]
	Ordinal0 [0x0133F889+522377]
	Ordinal0 [0x012D05F3+67059]
	Ordinal0 [0x012CCD92+52626]
	Ordinal0 [0x012EC127+180519]
	Ordinal0 [0x012EBF2D+180013]
	Ordinal0 [0x012E9E5B+171611]
	Ordinal0 [0x012D1DD8+73176]
	Ordinal0 [0x012D2E50+77392]
	Ordinal0 [0x012D2DE9+77289]
	Ordinal0 [0x0145D7F7+1693687]
	GetHandleVerifier [0x015B4576+522742]
	GetHandleVerifier [0x015B42B4+522036]
	GetHandleVerifier [0x015C9587+608775]
	GetHandleVerifier [0x015B4DE6+524902]
	Ordinal0 [0x01455BDC+1661916]
	Ordinal0 [0x0145F15B+1700187]
	Ordinal0 [0x0145F2C3+1700547]
	Ordinal0 [0x01475135+1790261]
	BaseThreadInitThunk [0x762C0419+25]
	RtlGetAppContainerNamedObjectPath [0x77C766DD+237]
	RtlGetAppContainerNamedObjectPath [0x77C766AD+189]
">
      <![CDATA[org.openqa.selenium.SessionNotCreatedException: session not created: This version of ChromeDriver only supports Chrome version 81
Build info: version: '3.141.59', revision: 'e82be7d358', time: '2018-11-14T08:17:03'
System info: host: 'DESKTOP-BHCQ0KF', ip: '192.168.137.1', os.name: 'Windows 10', os.arch: 'amd64', os.version: '10.0', java.version: '1.8.0_191'
Driver info: driver.version: ChromeDriver
remote stacktrace: Backtrace:
Ordinal0 [0x01515E93+2449043]
Ordinal0 [0x01448281+1606273]
Ordinal0 [0x0133F889+522377]
Ordinal0 [0x012D05F3+67059]
Ordinal0 [0x012CCD92+52626]
Ordinal0 [0x012EC127+180519]
Ordinal0 [0x012EBF2D+180013]
Ordinal0 [0x012E9E5B+171611]
Ordinal0 [0x012D1DD8+73176]
Ordinal0 [0x012D2E50+77392]
Ordinal0 [0x012D2DE9+77289]
Ordinal0 [0x0145D7F7+1693687]
GetHandleVerifier [0x015B4576+522742]
GetHandleVerifier [0x015B42B4+522036]
GetHandleVerifier [0x015C9587+608775]
GetHandleVerifier [0x015B4DE6+524902]
Ordinal0 [0x01455BDC+1661916]
Ordinal0 [0x0145F15B+1700187]
Ordinal0 [0x0145F2C3+1700547]
Ordinal0 [0x01475135+1790261]
BaseThreadInitThunk [0x762C0419+25]
RtlGetAppContainerNamedObjectPath [0x77C766DD+237]
RtlGetAppContainerNamedObjectPath [0x77C766AD+189]

at sun.reflect.NativeConstructorAccessorImpl.newInstance0(Native Method)
at sun.reflect.NativeConstructorAccessorImpl.newInstance(Unknown Source)
at sun.reflect.DelegatingConstructorAccessorImpl.newInstance(Unknown Source)
at java.lang.reflect.Constructor.newInstance(Unknown Source)
at org.openqa.selenium.remote.W3CHandshakeResponse.lambda$errorHandler$0(W3CHandshakeResponse.java:62)
at org.openqa.selenium.remote.HandshakeResponse.lambda$getResponseFunction$0(HandshakeResponse.java:30)
at org.openqa.selenium.remote.ProtocolHandshake.lambda$createSession$0(ProtocolHandshake.java:126)
at java.util.stream.ReferencePipeline$3$1.accept(Unknown Source)
at java.util.Spliterators$ArraySpliterator.tryAdvance(Unknown Source)
at java.util.stream.ReferencePipeline.forEachWithCancel(Unknown Source)
at java.util.stream.AbstractPipeline.copyIntoWithCancel(Unknown Source)
at java.util.stream.AbstractPipeline.copyInto(Unknown Source)
at java.util.stream.AbstractPipeline.wrapAndCopyInto(Unknown Source)
at java.util.stream.FindOps$FindOp.evaluateSequential(Unknown Source)
at java.util.stream.AbstractPipeline.evaluate(Unknown Source)
at java.util.stream.ReferencePipeline.findFirst(Unknown Source)
at org.openqa.selenium.remote.ProtocolHandshake.createSession(ProtocolHandshake.java:128)
at org.openqa.selenium.remote.ProtocolHandshake.createSession(ProtocolHandshake.java:74)
at org.openqa.selenium.remote.HttpCommandExecutor.execute(HttpCommandExecutor.java:136)
at org.openqa.selenium.remote.service.DriverCommandExecutor.execute(DriverCommandExecutor.java:83)
at org.openqa.selenium.remote.RemoteWebDriver.execute(RemoteWebDriver.java:552)
at org.openqa.selenium.remote.RemoteWebDriver.startSession(RemoteWebDriver.java:213)
at org.openqa.selenium.remote.RemoteWebDriver.<init>(RemoteWebDriver.java:131)
at org.openqa.selenium.chrome.ChromeDriver.<init>(ChromeDriver.java:181)
at org.openqa.selenium.chrome.ChromeDriver.<init>(ChromeDriver.java:168)
at org.openqa.selenium.chrome.ChromeDriver.<init>(ChromeDriver.java:123)
at com.etailpet.qa.base.TestBase.initialization(TestBase.java:41)
at com.etailpet.qa.testcases.ShopItemTest.SetUp(ShopItemTest.java:26)
at sun.reflect.NativeMethodAccessorImpl.invoke0(Native Method)
at sun.reflect.NativeMethodAccessorImpl.invoke(Unknown Source)
at sun.reflect.DelegatingMethodAccessorImpl.invoke(Unknown Source)
at java.lang.reflect.Method.invoke(Unknown Source)
at org.testng.internal.MethodInvocationHelper.invokeMethod(MethodInvocationHelper.java:124)
at org.testng.internal.MethodInvocationHelper.invokeMethodConsideringTimeout(MethodInvocationHelper.java:59)
at org.testng.internal.Invoker.invokeConfigurationMethod(Invoker.java:458)
at org.testng.internal.Invoker.invokeConfigurations(Invoker.java:222)
at org.testng.internal.Invoker.invokeMethod(Invoker.java:523)
at org.testng.internal.Invoker.invokeTestMethod(Invoker.java:719)
at org.testng.internal.Invoker.invokeTestMethods(Invoker.java:989)
at org.testng.internal.TestMethodWorker.invokeTestMethods(TestMethodWorker.java:125)
at org.testng.internal.TestMethodWorker.run(TestMethodWorker.java:109)
at org.testng.TestRunner.privateRun(TestRunner.java:648)
at org.testng.TestRunner.run(TestRunner.java:505)
at org.testng.SuiteRunner.runTest(SuiteRunner.java:455)
at org.testng.SuiteRunner.runSequentially(SuiteRunner.java:450)
at org.testng.SuiteRunner.privateRun(SuiteRunner.java:415)
at org.testng.SuiteRunner.run(SuiteRunner.java:364)
at org.testng.SuiteRunnerWorker.runSuite(SuiteRunnerWorker.java:52)
at org.testng.SuiteRunnerWorker.run(SuiteRunnerWorker.java:84)
at org.testng.TestNG.runSuitesSequentially(TestNG.java:1208)
at org.testng.TestNG.runSuitesLocally(TestNG.java:1137)
at org.testng.TestNG.runSuites(TestNG.java:1049)
at org.testng.TestNG.run(TestNG.java:1017)
at org.testng.remote.AbstractRemoteTestNG.run(AbstractRemoteTestNG.java:114)
at org.testng.remote.RemoteTestNG.initAndRun(RemoteTestNG.java:251)
at org.testng.remote.RemoteTestNG.main(RemoteTestNG.java:77)
]]>
    </error>
  </testcase> <!-- SetUp -->
  <testcase name="VerifyCheckFilterCheckBoxTest" time="0.000" classname="com.etailpet.qa.testcases.ShopItemTest">
    <skipped/>
  </testcase> <!-- VerifyCheckFilterCheckBoxTest -->
</testsuite> <!-- com.etailpet.qa.testcases.ShopItemTest -->
